<?xml version="1.0" encoding="UTF-8"?>
<!-- Generated by org.testng.reporters.JUnitXMLReporter -->
<testsuite ignored="4" hostname="Bankim" failures="0" tests="2" name="Test(failed)(failed)" time="0.026" errors="0" timestamp="2022-09-05T19:35:17 CDT">
  <testcase classname="com.usa.failTestRun.Class_C" name="getTest9" time="0.005"/>
  <testcase classname="com.usa.failTestRun.Class_A" name="getTest2" time="0.001"/>
  <testcase classname="com.usa.failTestRun.Class_C" name="getTest7" time="0.0">
    <ignored/>
  </testcase> <!-- getTest7 -->
  <testcase classname="com.usa.failTestRun.Class_C" name="getTest8" time="0.0">
    <ignored/>
  </testcase> <!-- getTest8 -->
  <testcase classname="com.usa.failTestRun.Class_A" name="getTest3" time="0.0">
    <ignored/>
  </testcase> <!-- getTest3 -->
  <testcase classname="com.usa.failTestRun.Class_A" name="getTest1" time="0.0">
    <ignored/>
  </testcase> <!-- getTest1 -->
</testsuite> <!-- Test(failed)(failed) -->
