<?xml version="1.0" encoding="UTF-8"?>
<!-- Generated by org.testng.reporters.JUnitXMLReporter -->
<testsuite ignored="0" hostname="Bankim" failures="0" tests="3" name="Test" time="15.834" errors="0" timestamp="2022-09-17T09:32:23 CDT">
  <testcase classname="com.usa.unitTest.Unit_Testing" name="getFunctionalTestOne" time="1.353"/>
  <testcase classname="com.usa.unitTest.Unit_Testing" name="getFunctionalTestThree" time="1.215"/>
  <testcase classname="com.usa.unitTest.Unit_Testing" name="getFunctionalTestTwo" time="1.515"/>
</testsuite> <!-- Test -->
