<?xml version="1.0" encoding="UTF-8"?>
<testng-results ignored="0" total="3" passed="3" failed="0" skipped="0">
  <reporter-output>
  </reporter-output>
  <suite started-at="2022-09-17T09:32:07 CDT" name="Suite" finished-at="2022-09-17T09:32:23 CDT" duration-ms="15834">
    <groups>
    </groups>
    <test started-at="2022-09-17T09:32:07 CDT" name="Test" finished-at="2022-09-17T09:32:23 CDT" duration-ms="15834">
      <class name="com.usa.unitTest.Unit_Testing">
        <test-method is-config="true" signature="getSetUp()[pri:0, instance:com.usa.unitTest.Unit_Testing@7dc19a70]" started-at="2022-09-17T09:32:07 CDT" name="getSetUp" finished-at="2022-09-17T09:32:11 CDT" duration-ms="4364" status="PASS">
          <reporter-output>
          </reporter-output>
        </test-method> <!-- getSetUp -->
        <test-method signature="getFunctionalTestOne()[pri:0, instance:com.usa.unitTest.Unit_Testing@7dc19a70]" started-at="2022-09-17T09:32:11 CDT" name="getFunctionalTestOne" finished-at="2022-09-17T09:32:13 CDT" duration-ms="1353" status="PASS">
          <reporter-output>
          </reporter-output>
        </test-method> <!-- getFunctionalTestOne -->
        <test-method is-config="true" signature="tearDown()[pri:0, instance:com.usa.unitTest.Unit_Testing@7dc19a70]" started-at="2022-09-17T09:32:13 CDT" name="tearDown" finished-at="2022-09-17T09:32:13 CDT" duration-ms="121" status="PASS">
          <reporter-output>
          </reporter-output>
        </test-method> <!-- tearDown -->
        <test-method is-config="true" signature="getSetUp()[pri:0, instance:com.usa.unitTest.Unit_Testing@7dc19a70]" started-at="2022-09-17T09:32:13 CDT" name="getSetUp" finished-at="2022-09-17T09:32:16 CDT" duration-ms="3209" status="PASS">
          <reporter-output>
          </reporter-output>
        </test-method> <!-- getSetUp -->
        <test-method signature="getFunctionalTestThree()[pri:0, instance:com.usa.unitTest.Unit_Testing@7dc19a70]" started-at="2022-09-17T09:32:16 CDT" name="getFunctionalTestThree" finished-at="2022-09-17T09:32:17 CDT" duration-ms="1215" status="PASS">
          <reporter-output>
          </reporter-output>
        </test-method> <!-- getFunctionalTestThree -->
        <test-method is-config="true" signature="tearDown()[pri:0, instance:com.usa.unitTest.Unit_Testing@7dc19a70]" started-at="2022-09-17T09:32:17 CDT" name="tearDown" finished-at="2022-09-17T09:32:17 CDT" duration-ms="106" status="PASS">
          <reporter-output>
          </reporter-output>
        </test-method> <!-- tearDown -->
        <test-method is-config="true" signature="getSetUp()[pri:0, instance:com.usa.unitTest.Unit_Testing@7dc19a70]" started-at="2022-09-17T09:32:17 CDT" name="getSetUp" finished-at="2022-09-17T09:32:21 CDT" duration-ms="3827" status="PASS">
          <reporter-output>
          </reporter-output>
        </test-method> <!-- getSetUp -->
        <test-method signature="getFunctionalTestTwo()[pri:0, instance:com.usa.unitTest.Unit_Testing@7dc19a70]" started-at="2022-09-17T09:32:21 CDT" name="getFunctionalTestTwo" finished-at="2022-09-17T09:32:23 CDT" duration-ms="1515" status="PASS">
          <reporter-output>
          </reporter-output>
        </test-method> <!-- getFunctionalTestTwo -->
        <test-method is-config="true" signature="tearDown()[pri:0, instance:com.usa.unitTest.Unit_Testing@7dc19a70]" started-at="2022-09-17T09:32:23 CDT" name="tearDown" finished-at="2022-09-17T09:32:23 CDT" duration-ms="99" status="PASS">
          <reporter-output>
          </reporter-output>
        </test-method> <!-- tearDown -->
      </class> <!-- com.usa.unitTest.Unit_Testing -->
    </test> <!-- Test -->
  </suite> <!-- Suite -->
</testng-results>
